Reading Level 2 GeoLocation & Cloud Data
<class 'str'>
<class 'str'>
<class 'str'>
<class 'str'>
Reading The Cloud Mask From MOD06_L2 Product:
The Level-2 Cloud Mask Array Shape (2030, 1354)
 
Reading The Latitude-Longitude From MOD03 Product:
The Level-2 Latitude-Longitude Array Shape (2030, 1354)
 
The Files In The MODO3 List: 
['MYD03.A2008001.0000.006.2012066122450.hdf', 'MYD03.A2008001.0010.006.2012066122416.hdf', 'MYD03.A2008001.0005.006.2012066122516.hdf']
 
The Files In The MODO6_L2 List: 
['MYD06_L2.A2008001.0010.006.2013341192125.hdf', 'MYD06_L2.A2008001.0000.006.2013341193524.hdf', 'MYD06_L2.A2008001.0005.006.2013341193207.hdf']
The Cloud Mask Array Shape Is:  (2030, 1354, 4)
The Latitude Array Shape Is:  (2030, 1354, 4)
The Longitude Array Shape Is:  (2030, 1354, 4)
<xarray.Dataset>
Dimensions:    (LatInt: 1)
Coordinates:
  * LatInt     (LatInt) int64 0
Data variables:
    CloudMask  (LatInt) float64 1.0
<class 'xarray.core.dataset.Dataset'>
<xarray.Dataset>
Dimensions:    (LatInt: 5)
Coordinates:
  * LatInt     (LatInt) int64 16 17 18 19 20
Data variables:
    CloudMask  (LatInt) float64 0.7677 0.6288 0.4019 0.0 0.0
<class 'xarray.core.dataset.Dataset'>
<xarray.Dataset>
Dimensions:    (LatInt: 11)
Coordinates:
  * LatInt     (LatInt) int64 16 17 18 19 20 21 22 23 24 25 26
Data variables:
    CloudMask  (LatInt) float64 0.6156 0.6222 0.4461 ... 0.2983 0.3108 0.3171
<class 'xarray.core.dataset.Dataset'>
<xarray.Dataset>
Dimensions:    (LatInt: 20)
Coordinates:
  * LatInt     (LatInt) int64 15 16 17 18 19 20 21 22 ... 28 29 30 31 32 33 34
Data variables:
    CloudMask  (LatInt) float64 0.25 0.7494 0.5773 0.3027 ... 0.01341 0.0 0.0
<class 'xarray.core.dataset.Dataset'>
<xarray.Dataset>
Dimensions:    (LatInt: 28)
Coordinates:
  * LatInt     (LatInt) int64 15 16 17 18 19 20 21 22 ... 36 37 38 39 40 41 42
Data variables:
    CloudMask  (LatInt) float64 0.8485 0.8768 0.6041 0.6373 ... 0.2767 0.816 0.0
<class 'xarray.core.dataset.Dataset'>
<xarray.Dataset>
Dimensions:    (LatInt: 56)
Coordinates:
  * LatInt     (LatInt) int64 15 16 17 18 19 20 21 22 ... 64 65 66 67 68 69 70
Data variables:
    CloudMask  (LatInt) float64 0.9406 0.9621 0.6855 0.8138 ... 0.4696 0.0 0.0
<class 'xarray.core.dataset.Dataset'>
<xarray.Dataset>
Dimensions:    (LatInt: 56)
Coordinates:
  * LatInt     (LatInt) int64 15 16 17 18 19 20 21 22 ... 64 65 66 67 68 69 70
Data variables:
    CloudMask  (LatInt) float64 0.9036 0.9751 0.8728 0.6954 ... 0.4145 0.0 0.0
<class 'xarray.core.dataset.Dataset'>
<xarray.Dataset>
Dimensions:    (LatInt: 56)
Coordinates:
  * LatInt     (LatInt) int64 15 16 17 18 19 20 21 22 ... 64 65 66 67 68 69 70
Data variables:
    CloudMask  (LatInt) float64 0.8319 0.904 0.964 0.8334 ... 1.0 0.2881 0.0 0.0
<class 'xarray.core.dataset.Dataset'>
<xarray.Dataset>
Dimensions:    (LatInt: 56)
Coordinates:
  * LatInt     (LatInt) int64 15 16 17 18 19 20 21 22 ... 64 65 66 67 68 69 70
Data variables:
    CloudMask  (LatInt) float64 0.9734 0.9273 0.9465 0.8892 ... 0.2624 0.0 0.0
<class 'xarray.core.dataset.Dataset'>
<xarray.Dataset>
Dimensions:    (LatInt: 56)
Coordinates:
  * LatInt     (LatInt) int64 15 16 17 18 19 20 21 22 ... 64 65 66 67 68 69 70
Data variables:
    CloudMask  (LatInt) float64 0.9774 0.9273 0.9551 ... 0.0008071 0.0 0.0
<class 'xarray.core.dataset.Dataset'>
<xarray.Dataset>
Dimensions:    (LatInt: 56)
Coordinates:
  * LatInt     (LatInt) int64 15 16 17 18 19 20 21 22 ... 64 65 66 67 68 69 70
Data variables:
    CloudMask  (LatInt) float64 0.8652 0.942 0.9796 0.9643 ... 0.0 0.0 0.0
<class 'xarray.core.dataset.Dataset'>
<xarray.Dataset>
Dimensions:    (LatInt: 57)
Coordinates:
  * LatInt     (LatInt) int64 14 15 16 17 18 19 20 21 ... 64 65 66 67 68 69 70
Data variables:
    CloudMask  (LatInt) float64 1.0 0.9547 0.9729 0.9899 ... 0.2065 0.0 0.0 0.0
<class 'xarray.core.dataset.Dataset'>
<xarray.Dataset>
Dimensions:    (LatInt: 57)
Coordinates:
  * LatInt     (LatInt) int64 14 15 16 17 18 19 20 21 ... 64 65 66 67 68 69 70
Data variables:
    CloudMask  (LatInt) float64 1.0 0.9637 0.9838 0.9826 ... 0.1823 0.0 0.0 0.0
<class 'xarray.core.dataset.Dataset'>
<xarray.Dataset>
Dimensions:    (LatInt: 57)
Coordinates:
  * LatInt     (LatInt) int64 14 15 16 17 18 19 20 21 ... 64 65 66 67 68 69 70
Data variables:
    CloudMask  (LatInt) float64 0.9629 0.9528 0.9618 0.9832 ... 0.0 0.0 0.0
<class 'xarray.core.dataset.Dataset'>
<xarray.Dataset>
Dimensions:    (LatInt: 57)
Coordinates:
  * LatInt     (LatInt) int64 14 15 16 17 18 19 20 21 ... 64 65 66 67 68 69 70
Data variables:
    CloudMask  (LatInt) float64 0.9223 0.9455 0.9688 0.998 ... 0.0 0.0 0.0
<class 'xarray.core.dataset.Dataset'>
<xarray.Dataset>
Dimensions:    (LatInt: 56)
Coordinates:
  * LatInt     (LatInt) int64 14 15 16 17 18 19 20 21 ... 63 64 65 66 67 68 69
Data variables:
    CloudMask  (LatInt) float64 0.9429 0.9323 0.9924 0.9922 ... 0.0 0.0 0.0
<class 'xarray.core.dataset.Dataset'>
<xarray.Dataset>
Dimensions:    (LatInt: 56)
Coordinates:
  * LatInt     (LatInt) int64 14 15 16 17 18 19 20 21 ... 63 64 65 66 67 68 69
Data variables:
    CloudMask  (LatInt) float64 0.9729 0.9762 0.9424 0.9667 ... 0.0 0.0 0.0
<class 'xarray.core.dataset.Dataset'>
<xarray.Dataset>
Dimensions:    (LatInt: 56)
Coordinates:
  * LatInt     (LatInt) int64 14 15 16 17 18 19 20 21 ... 63 64 65 66 67 68 69
Data variables:
    CloudMask  (LatInt) float64 0.9427 0.9592 0.9585 0.9419 ... 0.33 0.0 0.0 0.0
<class 'xarray.core.dataset.Dataset'>
<xarray.Dataset>
Dimensions:    (LatInt: 57)
Coordinates:
  * LatInt     (LatInt) int64 13 14 15 16 17 18 19 20 ... 63 64 65 66 67 68 69
Data variables:
    CloudMask  (LatInt) float64 0.9409 0.9447 0.9511 0.972 ... 0.0 0.0 0.0
<class 'xarray.core.dataset.Dataset'>
<xarray.Dataset>
Dimensions:    (LatInt: 57)
Coordinates:
  * LatInt     (LatInt) int64 13 14 15 16 17 18 19 20 ... 63 64 65 66 67 68 69
Data variables:
    CloudMask  (LatInt) float64 0.8015 0.8834 0.9579 ... 0.1317 0.004165 0.0
<class 'xarray.core.dataset.Dataset'>
<xarray.Dataset>
Dimensions:    (LatInt: 57)
Coordinates:
  * LatInt     (LatInt) int64 13 14 15 16 17 18 19 20 ... 63 64 65 66 67 68 69
Data variables:
    CloudMask  (LatInt) float64 0.483 0.8088 0.7989 0.8015 ... 0.9348 0.3029 0.0
<class 'xarray.core.dataset.Dataset'>
<xarray.Dataset>
Dimensions:    (LatInt: 57)
Coordinates:
  * LatInt     (LatInt) int64 13 14 15 16 17 18 19 20 ... 63 64 65 66 67 68 69
Data variables:
    CloudMask  (LatInt) float64 0.7006 0.9095 0.9549 0.9375 ... 1.0 0.5563 0.0
<class 'xarray.core.dataset.Dataset'>
<xarray.Dataset>
Dimensions:    (LatInt: 57)
Coordinates:
  * LatInt     (LatInt) int64 13 14 15 16 17 18 19 20 ... 63 64 65 66 67 68 69
Data variables:
    CloudMask  (LatInt) float64 0.9218 0.723 0.868 0.8646 ... 1.0 1.0 0.6874 0.0
<class 'xarray.core.dataset.Dataset'>
<xarray.Dataset>
Dimensions:    (LatInt: 56)
Coordinates:
  * LatInt     (LatInt) int64 14 15 16 17 18 19 20 21 ... 63 64 65 66 67 68 69
Data variables:
    CloudMask  (LatInt) float64 0.5516 0.7599 0.9688 0.8589 ... 1.0 0.7707 0.0
<class 'xarray.core.dataset.Dataset'>
<xarray.Dataset>
Dimensions:    (LatInt: 53)
Coordinates:
  * LatInt     (LatInt) int64 17 18 19 20 21 22 23 24 ... 63 64 65 66 67 68 69
Data variables:
    CloudMask  (LatInt) float64 1.0 0.8997 0.9872 0.9758 ... 1.0 1.0 0.7732 0.0
<class 'xarray.core.dataset.Dataset'>
<xarray.Dataset>
Dimensions:    (LatInt: 49)
Coordinates:
  * LatInt     (LatInt) int64 21 22 23 24 25 26 27 28 ... 63 64 65 66 67 68 69
Data variables:
    CloudMask  (LatInt) float64 0.9276 0.8633 0.9827 0.7654 ... 1.0 0.6594 0.0
<class 'xarray.core.dataset.Dataset'>
<xarray.Dataset>
Dimensions:    (LatInt: 46)
Coordinates:
  * LatInt     (LatInt) int64 24 25 26 27 28 29 30 31 ... 63 64 65 66 67 68 69
Data variables:
    CloudMask  (LatInt) float64 1.0 0.9588 0.9411 0.9176 ... 1.0 1.0 0.4285 0.0
<class 'xarray.core.dataset.Dataset'>
<xarray.Dataset>
Dimensions:    (LatInt: 44)
Coordinates:
  * LatInt     (LatInt) int64 26 27 28 29 30 31 32 33 ... 63 64 65 66 67 68 69
Data variables:
    CloudMask  (LatInt) float64 1.0 0.8792 0.953 0.9829 ... 0.9174 0.003711 0.0
<class 'xarray.core.dataset.Dataset'>
<xarray.Dataset>
Dimensions:    (LatInt: 41)
Coordinates:
  * LatInt     (LatInt) int64 29 30 31 32 33 34 35 36 ... 63 64 65 66 67 68 69
Data variables:
    CloudMask  (LatInt) float64 1.0 0.7015 1.0 1.0 0.9945 ... 1.0 0.7978 0.0 0.0
<class 'xarray.core.dataset.Dataset'>
<xarray.Dataset>
Dimensions:    (LatInt: 39)
Coordinates:
  * LatInt     (LatInt) int64 31 32 33 34 35 36 37 38 ... 63 64 65 66 67 68 69
Data variables:
    CloudMask  (LatInt) float64 1.0 1.0 0.9963 1.0 0.9166 ... 1.0 0.6192 0.0 0.0
<class 'xarray.core.dataset.Dataset'>
<xarray.Dataset>
Dimensions:    (LatInt: 35)
Coordinates:
  * LatInt     (LatInt) int64 34 35 36 37 38 39 40 41 ... 62 63 64 65 66 67 68
Data variables:
    CloudMask  (LatInt) float64 1.0 0.9118 0.9544 0.9788 ... 1.0 1.0 0.547 0.0
<class 'xarray.core.dataset.Dataset'>
<xarray.Dataset>
Dimensions:    (LatInt: 33)
Coordinates:
  * LatInt     (LatInt) int64 36 37 38 39 40 41 42 43 ... 62 63 64 65 66 67 68
Data variables:
    CloudMask  (LatInt) float64 1.0 0.9537 0.9689 0.9817 ... 0.981 0.04295 0.0
<class 'xarray.core.dataset.Dataset'>
<xarray.Dataset>
Dimensions:    (LatInt: 31)
Coordinates:
  * LatInt     (LatInt) int64 38 39 40 41 42 43 44 45 ... 62 63 64 65 66 67 68
Data variables:
    CloudMask  (LatInt) float64 0.8955 0.9808 0.9962 ... 0.9881 0.0006459 0.0
<class 'xarray.core.dataset.Dataset'>
<xarray.Dataset>
Dimensions:    (LatInt: 29)
Coordinates:
  * LatInt     (LatInt) int64 40 41 42 43 44 45 46 47 ... 62 63 64 65 66 67 68
Data variables:
    CloudMask  (LatInt) float64 0.9074 0.8755 0.9829 0.9643 ... 0.8743 0.0 0.0
<class 'xarray.core.dataset.Dataset'>
<xarray.Dataset>
Dimensions:    (LatInt: 28)
Coordinates:
  * LatInt     (LatInt) int64 41 42 43 44 45 46 47 48 ... 62 63 64 65 66 67 68
Data variables:
    CloudMask  (LatInt) float64 1.0 0.9922 0.9543 0.8893 ... 1.0 0.7035 0.0 0.0
<class 'xarray.core.dataset.Dataset'>
<xarray.Dataset>
Dimensions:    (LatInt: 26)
Coordinates:
  * LatInt     (LatInt) int64 43 44 45 46 47 48 49 50 ... 62 63 64 65 66 67 68
Data variables:
    CloudMask  (LatInt) float64 0.9761 0.9821 0.7697 0.909 ... 0.4723 0.0 0.0
<class 'xarray.core.dataset.Dataset'>
<xarray.Dataset>
Dimensions:    (LatInt: 25)
Coordinates:
  * LatInt     (LatInt) int64 44 45 46 47 48 49 50 51 ... 62 63 64 65 66 67 68
Data variables:
    CloudMask  (LatInt) float64 1.0 0.9726 0.9867 0.806 ... 1.0 0.2018 0.0 0.0
<class 'xarray.core.dataset.Dataset'>
<xarray.Dataset>
Dimensions:    (LatInt: 22)
Coordinates:
  * LatInt     (LatInt) int64 46 47 48 49 50 51 52 53 ... 61 62 63 64 65 66 67
Data variables:
    CloudMask  (LatInt) float64 0.9776 0.6617 0.7714 ... 0.9888 0.01958 0.0
<class 'xarray.core.dataset.Dataset'>
<xarray.Dataset>
Dimensions:    (LatInt: 21)
Coordinates:
  * LatInt     (LatInt) int64 47 48 49 50 51 52 53 54 ... 61 62 63 64 65 66 67
Data variables:
    CloudMask  (LatInt) float64 1.0 1.0 0.7545 0.8463 1.0 ... 1.0 0.743 0.0 0.0
<class 'xarray.core.dataset.Dataset'>
<xarray.Dataset>
Dimensions:    (LatInt: 19)
Coordinates:
  * LatInt     (LatInt) int64 49 50 51 52 53 54 55 56 ... 61 62 63 64 65 66 67
Data variables:
    CloudMask  (LatInt) float64 0.9104 0.8964 1.0 1.0 ... 1.0 0.561 0.0 0.0
<class 'xarray.core.dataset.Dataset'>
<xarray.Dataset>
Dimensions:    (LatInt: 18)
Coordinates:
  * LatInt     (LatInt) int64 50 51 52 53 54 55 56 57 ... 61 62 63 64 65 66 67
Data variables:
    CloudMask  (LatInt) float64 0.7058 0.8936 0.9972 0.8962 ... 0.6172 0.0 0.0
<class 'xarray.core.dataset.Dataset'>
<xarray.Dataset>
Dimensions:    (LatInt: 17)
Coordinates:
  * LatInt     (LatInt) int64 51 52 53 54 55 56 57 58 59 60 61 62 63 64 65 66 67
Data variables:
    CloudMask  (LatInt) float64 0.4821 0.8151 0.9105 1.0 ... 0.7326 0.0 0.0
<class 'xarray.core.dataset.Dataset'>
<xarray.Dataset>
Dimensions:    (LatInt: 15)
Coordinates:
  * LatInt     (LatInt) int64 52 53 54 55 56 57 58 59 60 61 62 63 64 65 66
Data variables:
    CloudMask  (LatInt) float64 1.0 1.0 1.0 1.0 ... 0.9088 0.8137 0.6166 0.0
<class 'xarray.core.dataset.Dataset'>
<xarray.Dataset>
Dimensions:    (LatInt: 14)
Coordinates:
  * LatInt     (LatInt) int64 53 54 55 56 57 58 59 60 61 62 63 64 65 66
Data variables:
    CloudMask  (LatInt) float64 1.0 1.0 1.0 1.0 1.0 ... 1.0 0.9724 0.6489 0.0
<class 'xarray.core.dataset.Dataset'>
<xarray.Dataset>
Dimensions:    (LatInt: 13)
Coordinates:
  * LatInt     (LatInt) int64 54 55 56 57 58 59 60 61 62 63 64 65 66
Data variables:
    CloudMask  (LatInt) float64 1.0 1.0 1.0 1.0 1.0 ... 0.7245 0.9656 0.3751 0.0
<class 'xarray.core.dataset.Dataset'>
<xarray.Dataset>
Dimensions:    (LatInt: 12)
Coordinates:
  * LatInt     (LatInt) int64 55 56 57 58 59 60 61 62 63 64 65 66
Data variables:
    CloudMask  (LatInt) float64 1.0 1.0 1.0 0.9949 ... 0.7033 0.005194 0.0
<class 'xarray.core.dataset.Dataset'>
<xarray.Dataset>
Dimensions:    (LatInt: 10)
Coordinates:
  * LatInt     (LatInt) int64 56 57 58 59 60 61 62 63 64 65
Data variables:
    CloudMask  (LatInt) float64 0.2855 0.3732 0.09163 0.0 ... 1.0 1.0 0.8035 0.0
<class 'xarray.core.dataset.Dataset'>
<xarray.Dataset>
Dimensions:    (LatInt: 10)
Coordinates:
  * LatInt     (LatInt) int64 56 57 58 59 60 61 62 63 64 65
Data variables:
    CloudMask  (LatInt) float64 0.0 0.0 0.0 0.0 0.0 0.2341 0.9869 1.0 0.6736 0.0
<class 'xarray.core.dataset.Dataset'>
<xarray.Dataset>
Dimensions:    (LatInt: 9)
Coordinates:
  * LatInt     (LatInt) int64 57 58 59 60 61 62 63 64 65
Data variables:
    CloudMask  (LatInt) float64 0.0 0.0 0.0 0.05847 0.6339 0.6181 1.0 0.5834 0.0
<class 'xarray.core.dataset.Dataset'>
<xarray.Dataset>
Dimensions:    (LatInt: 8)
Coordinates:
  * LatInt     (LatInt) int64 58 59 60 61 62 63 64 65
Data variables:
    CloudMask  (LatInt) float64 0.0982 0.5451 0.9484 1.0 0.9201 1.0 0.709 0.0
<class 'xarray.core.dataset.Dataset'>
<xarray.Dataset>
Dimensions:    (LatInt: 6)
Coordinates:
  * LatInt     (LatInt) int64 59 60 61 62 63 64
Data variables:
    CloudMask  (LatInt) float64 1.0 1.0 1.0 1.0 0.9989 0.984
<class 'xarray.core.dataset.Dataset'>
<xarray.Dataset>
Dimensions:    (LatInt: 6)
Coordinates:
  * LatInt     (LatInt) int64 59 60 61 62 63 64
Data variables:
    CloudMask  (LatInt) float64 1.0 1.0 1.0 1.0 0.9725 0.5739
<class 'xarray.core.dataset.Dataset'>
<xarray.Dataset>
Dimensions:    (LatInt: 5)
Coordinates:
  * LatInt     (LatInt) int64 60 61 62 63 64
Data variables:
    CloudMask  (LatInt) float64 1.0 1.0 1.0 1.0 1.0
<class 'xarray.core.dataset.Dataset'>
<xarray.Dataset>
Dimensions:    (LatInt: 4)
Coordinates:
  * LatInt     (LatInt) int64 60 61 62 63
Data variables:
    CloudMask  (LatInt) float64 1.0 1.0 1.0 1.0
<class 'xarray.core.dataset.Dataset'>
<xarray.Dataset>
Dimensions:    (LatInt: 3)
Coordinates:
  * LatInt     (LatInt) int64 61 62 63
Data variables:
    CloudMask  (LatInt) float64 1.0 1.0 1.0
<class 'xarray.core.dataset.Dataset'>
<xarray.Dataset>
Dimensions:    (LatInt: 3)
Coordinates:
  * LatInt     (LatInt) int64 61 62 63
Data variables:
    CloudMask  (LatInt) float64 1.0 1.0 1.0
<class 'xarray.core.dataset.Dataset'>
<xarray.Dataset>
Dimensions:    (LatInt: 1)
Coordinates:
  * LatInt     (LatInt) int64 62
Data variables:
    CloudMask  (LatInt) float64 1.0
<class 'xarray.core.dataset.Dataset'>
Test
Total Time Taken This Loop:  194.6545307636261
00:03:14.65
test2
1776
test3
-------------------------------------
1776
output_final2.hdf5 Saved!!
